<?xml version="1.0" encoding="UTF-8"?>
<testsuite xmlns:xsi="http://www.w3.org/2001/XMLSchema-instance" xsi:noNamespaceSchemaLocation="https://maven.apache.org/surefire/maven-surefire-plugin/xsd/surefire-test-report.xsd" name="ljs.java.LjsApplicationTests" time="2.138" tests="1" errors="0" skipped="0" failures="0">
  <properties>
    <property name="sun.desktop" value="windows"/>
    <property name="awt.toolkit" value="sun.awt.windows.WToolkit"/>
    <property name="file.encoding.pkg" value="sun.io"/>
    <property name="java.specification.version" value="1.8"/>
    <property name="sun.cpu.isalist" value="amd64"/>
    <property name="sun.jnu.encoding" value="GBK"/>
    <property name="java.class.path" value="E:\LJS-JAVA\ljs\target\test-classes;E:\LJS-JAVA\ljs\target\classes;C:\Users\LJS\.m2\repository-applet\org\springframework\boot\spring-boot-starter-web\2.7.10\spring-boot-starter-web-2.7.10.jar;C:\Users\LJS\.m2\repository-applet\org\springframework\boot\spring-boot-starter\2.7.10\spring-boot-starter-2.7.10.jar;C:\Users\LJS\.m2\repository-applet\org\springframework\boot\spring-boot\2.7.10\spring-boot-2.7.10.jar;C:\Users\LJS\.m2\repository-applet\org\springframework\boot\spring-boot-autoconfigure\2.7.10\spring-boot-autoconfigure-2.7.10.jar;C:\Users\LJS\.m2\repository-applet\org\springframework\boot\spring-boot-starter-logging\2.7.10\spring-boot-starter-logging-2.7.10.jar;C:\Users\LJS\.m2\repository-applet\ch\qos\logback\logback-classic\1.2.11\logback-classic-1.2.11.jar;C:\Users\LJS\.m2\repository-applet\ch\qos\logback\logback-core\1.2.11\logback-core-1.2.11.jar;C:\Users\LJS\.m2\repository-applet\org\apache\logging\log4j\log4j-to-slf4j\2.17.2\log4j-to-slf4j-2.17.2.jar;C:\Users\LJS\.m2\repository-applet\org\apache\logging\log4j\log4j-api\2.17.2\log4j-api-2.17.2.jar;C:\Users\LJS\.m2\repository-applet\org\slf4j\jul-to-slf4j\1.7.36\jul-to-slf4j-1.7.36.jar;C:\Users\LJS\.m2\repository-applet\jakarta\annotation\jakarta.annotation-api\1.3.5\jakarta.annotation-api-1.3.5.jar;C:\Users\LJS\.m2\repository-applet\org\yaml\snakeyaml\1.30\snakeyaml-1.30.jar;C:\Users\LJS\.m2\repository-applet\org\springframework\boot\spring-boot-starter-json\2.7.10\spring-boot-starter-json-2.7.10.jar;C:\Users\LJS\.m2\repository-applet\com\fasterxml\jackson\core\jackson-databind\2.13.5\jackson-databind-2.13.5.jar;C:\Users\LJS\.m2\repository-applet\com\fasterxml\jackson\core\jackson-annotations\2.13.5\jackson-annotations-2.13.5.jar;C:\Users\LJS\.m2\repository-applet\com\fasterxml\jackson\core\jackson-core\2.13.5\jackson-core-2.13.5.jar;C:\Users\LJS\.m2\repository-applet\com\fasterxml\jackson\datatype\jackson-datatype-jdk8\2.13.5\jackson-datatype-jdk8-2.13.5.jar;C:\Users\LJS\.m2\repository-applet\com\fasterxml\jackson\datatype\jackson-datatype-jsr310\2.13.5\jackson-datatype-jsr310-2.13.5.jar;C:\Users\LJS\.m2\repository-applet\com\fasterxml\jackson\module\jackson-module-parameter-names\2.13.5\jackson-module-parameter-names-2.13.5.jar;C:\Users\LJS\.m2\repository-applet\org\springframework\boot\spring-boot-starter-tomcat\2.7.10\spring-boot-starter-tomcat-2.7.10.jar;C:\Users\LJS\.m2\repository-applet\org\apache\tomcat\embed\tomcat-embed-core\9.0.73\tomcat-embed-core-9.0.73.jar;C:\Users\LJS\.m2\repository-applet\org\apache\tomcat\embed\tomcat-embed-el\9.0.73\tomcat-embed-el-9.0.73.jar;C:\Users\LJS\.m2\repository-applet\org\apache\tomcat\embed\tomcat-embed-websocket\9.0.73\tomcat-embed-websocket-9.0.73.jar;C:\Users\LJS\.m2\repository-applet\org\springframework\spring-web\5.3.26\spring-web-5.3.26.jar;C:\Users\LJS\.m2\repository-applet\org\springframework\spring-beans\5.3.26\spring-beans-5.3.26.jar;C:\Users\LJS\.m2\repository-applet\org\springframework\spring-webmvc\5.3.26\spring-webmvc-5.3.26.jar;C:\Users\LJS\.m2\repository-applet\org\springframework\spring-aop\5.3.26\spring-aop-5.3.26.jar;C:\Users\LJS\.m2\repository-applet\org\springframework\spring-context\5.3.26\spring-context-5.3.26.jar;C:\Users\LJS\.m2\repository-applet\org\springframework\spring-expression\5.3.26\spring-expression-5.3.26.jar;C:\Users\LJS\.m2\repository-applet\org\springframework\boot\spring-boot-starter-test\2.7.10\spring-boot-starter-test-2.7.10.jar;C:\Users\LJS\.m2\repository-applet\org\springframework\boot\spring-boot-test\2.7.10\spring-boot-test-2.7.10.jar;C:\Users\LJS\.m2\repository-applet\org\springframework\boot\spring-boot-test-autoconfigure\2.7.10\spring-boot-test-autoconfigure-2.7.10.jar;C:\Users\LJS\.m2\repository-applet\com\jayway\jsonpath\json-path\2.7.0\json-path-2.7.0.jar;C:\Users\LJS\.m2\repository-applet\net\minidev\json-smart\2.4.10\json-smart-2.4.10.jar;C:\Users\LJS\.m2\repository-applet\net\minidev\accessors-smart\2.4.9\accessors-smart-2.4.9.jar;C:\Users\LJS\.m2\repository-applet\org\ow2\asm\asm\9.3\asm-9.3.jar;C:\Users\LJS\.m2\repository-applet\org\slf4j\slf4j-api\1.7.36\slf4j-api-1.7.36.jar;C:\Users\LJS\.m2\repository-applet\jakarta\xml\bind\jakarta.xml.bind-api\2.3.3\jakarta.xml.bind-api-2.3.3.jar;C:\Users\LJS\.m2\repository-applet\jakarta\activation\jakarta.activation-api\1.2.2\jakarta.activation-api-1.2.2.jar;C:\Users\LJS\.m2\repository-applet\org\assertj\assertj-core\3.22.0\assertj-core-3.22.0.jar;C:\Users\LJS\.m2\repository-applet\org\hamcrest\hamcrest\2.2\hamcrest-2.2.jar;C:\Users\LJS\.m2\repository-applet\org\junit\jupiter\junit-jupiter\5.8.2\junit-jupiter-5.8.2.jar;C:\Users\LJS\.m2\repository-applet\org\junit\jupiter\junit-jupiter-api\5.8.2\junit-jupiter-api-5.8.2.jar;C:\Users\LJS\.m2\repository-applet\org\opentest4j\opentest4j\1.2.0\opentest4j-1.2.0.jar;C:\Users\LJS\.m2\repository-applet\org\junit\platform\junit-platform-commons\1.8.2\junit-platform-commons-1.8.2.jar;C:\Users\LJS\.m2\repository-applet\org\apiguardian\apiguardian-api\1.1.2\apiguardian-api-1.1.2.jar;C:\Users\LJS\.m2\repository-applet\org\junit\jupiter\junit-jupiter-params\5.8.2\junit-jupiter-params-5.8.2.jar;C:\Users\LJS\.m2\repository-applet\org\junit\jupiter\junit-jupiter-engine\5.8.2\junit-jupiter-engine-5.8.2.jar;C:\Users\LJS\.m2\repository-applet\org\junit\platform\junit-platform-engine\1.8.2\junit-platform-engine-1.8.2.jar;C:\Users\LJS\.m2\repository-applet\org\mockito\mockito-core\4.5.1\mockito-core-4.5.1.jar;C:\Users\LJS\.m2\repository-applet\net\bytebuddy\byte-buddy\1.12.23\byte-buddy-1.12.23.jar;C:\Users\LJS\.m2\repository-applet\net\bytebuddy\byte-buddy-agent\1.12.23\byte-buddy-agent-1.12.23.jar;C:\Users\LJS\.m2\repository-applet\org\objenesis\objenesis\3.2\objenesis-3.2.jar;C:\Users\LJS\.m2\repository-applet\org\mockito\mockito-junit-jupiter\4.5.1\mockito-junit-jupiter-4.5.1.jar;C:\Users\LJS\.m2\repository-applet\org\skyscreamer\jsonassert\1.5.1\jsonassert-1.5.1.jar;C:\Users\LJS\.m2\repository-applet\com\vaadin\external\google\android-json\0.0.20131108.vaadin1\android-json-0.0.20131108.vaadin1.jar;C:\Users\LJS\.m2\repository-applet\org\springframework\spring-core\5.3.26\spring-core-5.3.26.jar;C:\Users\LJS\.m2\repository-applet\org\springframework\spring-jcl\5.3.26\spring-jcl-5.3.26.jar;C:\Users\LJS\.m2\repository-applet\org\springframework\spring-test\5.3.26\spring-test-5.3.26.jar;C:\Users\LJS\.m2\repository-applet\org\xmlunit\xmlunit-core\2.9.1\xmlunit-core-2.9.1.jar;"/>
    <property name="java.vm.vendor" value="Oracle Corporation"/>
    <property name="sun.arch.data.model" value="64"/>
    <property name="user.variant" value=""/>
    <property name="java.vendor.url" value="http://java.oracle.com/"/>
    <property name="user.timezone" value="Asia/Shanghai"/>
    <property name="java.vm.specification.version" value="1.8"/>
    <property name="os.name" value="Windows 10"/>
    <property name="user.country" value="CN"/>
    <property name="sun.java.launcher" value="SUN_STANDARD"/>
    <property name="sun.boot.library.path" value="D:\TOOLS\JDK\jre\bin"/>
    <property name="sun.java.command" value="C:\Users\LJS\AppData\Local\Temp\surefire5104424241832782054\surefirebooter7168537209005470089.jar C:\Users\LJS\AppData\Local\Temp\surefire5104424241832782054 2023-03-28T14-42-31_470-jvmRun1 surefire5226677002085823253tmp surefire_06686233797552006379tmp"/>
    <property name="surefire.test.class.path" value="E:\LJS-JAVA\ljs\target\test-classes;E:\LJS-JAVA\ljs\target\classes;C:\Users\LJS\.m2\repository-applet\org\springframework\boot\spring-boot-starter-web\2.7.10\spring-boot-starter-web-2.7.10.jar;C:\Users\LJS\.m2\repository-applet\org\springframework\boot\spring-boot-starter\2.7.10\spring-boot-starter-2.7.10.jar;C:\Users\LJS\.m2\repository-applet\org\springframework\boot\spring-boot\2.7.10\spring-boot-2.7.10.jar;C:\Users\LJS\.m2\repository-applet\org\springframework\boot\spring-boot-autoconfigure\2.7.10\spring-boot-autoconfigure-2.7.10.jar;C:\Users\LJS\.m2\repository-applet\org\springframework\boot\spring-boot-starter-logging\2.7.10\spring-boot-starter-logging-2.7.10.jar;C:\Users\LJS\.m2\repository-applet\ch\qos\logback\logback-classic\1.2.11\logback-classic-1.2.11.jar;C:\Users\LJS\.m2\repository-applet\ch\qos\logback\logback-core\1.2.11\logback-core-1.2.11.jar;C:\Users\LJS\.m2\repository-applet\org\apache\logging\log4j\log4j-to-slf4j\2.17.2\log4j-to-slf4j-2.17.2.jar;C:\Users\LJS\.m2\repository-applet\org\apache\logging\log4j\log4j-api\2.17.2\log4j-api-2.17.2.jar;C:\Users\LJS\.m2\repository-applet\org\slf4j\jul-to-slf4j\1.7.36\jul-to-slf4j-1.7.36.jar;C:\Users\LJS\.m2\repository-applet\jakarta\annotation\jakarta.annotation-api\1.3.5\jakarta.annotation-api-1.3.5.jar;C:\Users\LJS\.m2\repository-applet\org\yaml\snakeyaml\1.30\snakeyaml-1.30.jar;C:\Users\LJS\.m2\repository-applet\org\springframework\boot\spring-boot-starter-json\2.7.10\spring-boot-starter-json-2.7.10.jar;C:\Users\LJS\.m2\repository-applet\com\fasterxml\jackson\core\jackson-databind\2.13.5\jackson-databind-2.13.5.jar;C:\Users\LJS\.m2\repository-applet\com\fasterxml\jackson\core\jackson-annotations\2.13.5\jackson-annotations-2.13.5.jar;C:\Users\LJS\.m2\repository-applet\com\fasterxml\jackson\core\jackson-core\2.13.5\jackson-core-2.13.5.jar;C:\Users\LJS\.m2\repository-applet\com\fasterxml\jackson\datatype\jackson-datatype-jdk8\2.13.5\jackson-datatype-jdk8-2.13.5.jar;C:\Users\LJS\.m2\repository-applet\com\fasterxml\jackson\datatype\jackson-datatype-jsr310\2.13.5\jackson-datatype-jsr310-2.13.5.jar;C:\Users\LJS\.m2\repository-applet\com\fasterxml\jackson\module\jackson-module-parameter-names\2.13.5\jackson-module-parameter-names-2.13.5.jar;C:\Users\LJS\.m2\repository-applet\org\springframework\boot\spring-boot-starter-tomcat\2.7.10\spring-boot-starter-tomcat-2.7.10.jar;C:\Users\LJS\.m2\repository-applet\org\apache\tomcat\embed\tomcat-embed-core\9.0.73\tomcat-embed-core-9.0.73.jar;C:\Users\LJS\.m2\repository-applet\org\apache\tomcat\embed\tomcat-embed-el\9.0.73\tomcat-embed-el-9.0.73.jar;C:\Users\LJS\.m2\repository-applet\org\apache\tomcat\embed\tomcat-embed-websocket\9.0.73\tomcat-embed-websocket-9.0.73.jar;C:\Users\LJS\.m2\repository-applet\org\springframework\spring-web\5.3.26\spring-web-5.3.26.jar;C:\Users\LJS\.m2\repository-applet\org\springframework\spring-beans\5.3.26\spring-beans-5.3.26.jar;C:\Users\LJS\.m2\repository-applet\org\springframework\spring-webmvc\5.3.26\spring-webmvc-5.3.26.jar;C:\Users\LJS\.m2\repository-applet\org\springframework\spring-aop\5.3.26\spring-aop-5.3.26.jar;C:\Users\LJS\.m2\repository-applet\org\springframework\spring-context\5.3.26\spring-context-5.3.26.jar;C:\Users\LJS\.m2\repository-applet\org\springframework\spring-expression\5.3.26\spring-expression-5.3.26.jar;C:\Users\LJS\.m2\repository-applet\org\springframework\boot\spring-boot-starter-test\2.7.10\spring-boot-starter-test-2.7.10.jar;C:\Users\LJS\.m2\repository-applet\org\springframework\boot\spring-boot-test\2.7.10\spring-boot-test-2.7.10.jar;C:\Users\LJS\.m2\repository-applet\org\springframework\boot\spring-boot-test-autoconfigure\2.7.10\spring-boot-test-autoconfigure-2.7.10.jar;C:\Users\LJS\.m2\repository-applet\com\jayway\jsonpath\json-path\2.7.0\json-path-2.7.0.jar;C:\Users\LJS\.m2\repository-applet\net\minidev\json-smart\2.4.10\json-smart-2.4.10.jar;C:\Users\LJS\.m2\repository-applet\net\minidev\accessors-smart\2.4.9\accessors-smart-2.4.9.jar;C:\Users\LJS\.m2\repository-applet\org\ow2\asm\asm\9.3\asm-9.3.jar;C:\Users\LJS\.m2\repository-applet\org\slf4j\slf4j-api\1.7.36\slf4j-api-1.7.36.jar;C:\Users\LJS\.m2\repository-applet\jakarta\xml\bind\jakarta.xml.bind-api\2.3.3\jakarta.xml.bind-api-2.3.3.jar;C:\Users\LJS\.m2\repository-applet\jakarta\activation\jakarta.activation-api\1.2.2\jakarta.activation-api-1.2.2.jar;C:\Users\LJS\.m2\repository-applet\org\assertj\assertj-core\3.22.0\assertj-core-3.22.0.jar;C:\Users\LJS\.m2\repository-applet\org\hamcrest\hamcrest\2.2\hamcrest-2.2.jar;C:\Users\LJS\.m2\repository-applet\org\junit\jupiter\junit-jupiter\5.8.2\junit-jupiter-5.8.2.jar;C:\Users\LJS\.m2\repository-applet\org\junit\jupiter\junit-jupiter-api\5.8.2\junit-jupiter-api-5.8.2.jar;C:\Users\LJS\.m2\repository-applet\org\opentest4j\opentest4j\1.2.0\opentest4j-1.2.0.jar;C:\Users\LJS\.m2\repository-applet\org\junit\platform\junit-platform-commons\1.8.2\junit-platform-commons-1.8.2.jar;C:\Users\LJS\.m2\repository-applet\org\apiguardian\apiguardian-api\1.1.2\apiguardian-api-1.1.2.jar;C:\Users\LJS\.m2\repository-applet\org\junit\jupiter\junit-jupiter-params\5.8.2\junit-jupiter-params-5.8.2.jar;C:\Users\LJS\.m2\repository-applet\org\junit\jupiter\junit-jupiter-engine\5.8.2\junit-jupiter-engine-5.8.2.jar;C:\Users\LJS\.m2\repository-applet\org\junit\platform\junit-platform-engine\1.8.2\junit-platform-engine-1.8.2.jar;C:\Users\LJS\.m2\repository-applet\org\mockito\mockito-core\4.5.1\mockito-core-4.5.1.jar;C:\Users\LJS\.m2\repository-applet\net\bytebuddy\byte-buddy\1.12.23\byte-buddy-1.12.23.jar;C:\Users\LJS\.m2\repository-applet\net\bytebuddy\byte-buddy-agent\1.12.23\byte-buddy-agent-1.12.23.jar;C:\Users\LJS\.m2\repository-applet\org\objenesis\objenesis\3.2\objenesis-3.2.jar;C:\Users\LJS\.m2\repository-applet\org\mockito\mockito-junit-jupiter\4.5.1\mockito-junit-jupiter-4.5.1.jar;C:\Users\LJS\.m2\repository-applet\org\skyscreamer\jsonassert\1.5.1\jsonassert-1.5.1.jar;C:\Users\LJS\.m2\repository-applet\com\vaadin\external\google\android-json\0.0.20131108.vaadin1\android-json-0.0.20131108.vaadin1.jar;C:\Users\LJS\.m2\repository-applet\org\springframework\spring-core\5.3.26\spring-core-5.3.26.jar;C:\Users\LJS\.m2\repository-applet\org\springframework\spring-jcl\5.3.26\spring-jcl-5.3.26.jar;C:\Users\LJS\.m2\repository-applet\org\springframework\spring-test\5.3.26\spring-test-5.3.26.jar;C:\Users\LJS\.m2\repository-applet\org\xmlunit\xmlunit-core\2.9.1\xmlunit-core-2.9.1.jar;"/>
    <property name="sun.cpu.endian" value="little"/>
    <property name="user.home" value="C:\Users\LJS"/>
    <property name="user.language" value="zh"/>
    <property name="java.specification.vendor" value="Oracle Corporation"/>
    <property name="java.home" value="D:\TOOLS\JDK\jre"/>
    <property name="basedir" value="E:\LJS-JAVA\ljs"/>
    <property name="file.separator" value="\"/>
    <property name="line.separator" value="&#10;"/>
    <property name="java.vm.specification.vendor" value="Oracle Corporation"/>
    <property name="java.specification.name" value="Java Platform API Specification"/>
    <property name="java.awt.graphicsenv" value="sun.awt.Win32GraphicsEnvironment"/>
    <property name="surefire.real.class.path" value="C:\Users\LJS\AppData\Local\Temp\surefire5104424241832782054\surefirebooter7168537209005470089.jar"/>
    <property name="sun.boot.class.path" value="D:\TOOLS\JDK\jre\lib\resources.jar;D:\TOOLS\JDK\jre\lib\rt.jar;D:\TOOLS\JDK\jre\lib\sunrsasign.jar;D:\TOOLS\JDK\jre\lib\jsse.jar;D:\TOOLS\JDK\jre\lib\jce.jar;D:\TOOLS\JDK\jre\lib\charsets.jar;D:\TOOLS\JDK\jre\lib\jfr.jar;D:\TOOLS\JDK\jre\classes"/>
    <property name="user.script" value=""/>
    <property name="sun.management.compiler" value="HotSpot 64-Bit Tiered Compilers"/>
    <property name="java.runtime.version" value="1.8.0_91-b14"/>
    <property name="user.name" value="LJS"/>
    <property name="path.separator" value=";"/>
    <property name="os.version" value="10.0"/>
    <property name="java.endorsed.dirs" value="D:\TOOLS\JDK\jre\lib\endorsed"/>
    <property name="java.runtime.name" value="Java(TM) SE Runtime Environment"/>
    <property name="file.encoding" value="GBK"/>
    <property name="java.vm.name" value="Java HotSpot(TM) 64-Bit Server VM"/>
    <property name="localRepository" value="C:\Users\LJS\.m2\repository-applet"/>
    <property name="java.vendor.url.bug" value="http://bugreport.sun.com/bugreport/"/>
    <property name="java.io.tmpdir" value="C:\Users\LJS\AppData\Local\Temp\"/>
    <property name="idea.version" value="2017.1"/>
    <property name="java.version" value="1.8.0_91"/>
    <property name="user.dir" value="E:\LJS-JAVA\ljs"/>
    <property name="os.arch" value="amd64"/>
    <property name="java.vm.specification.name" value="Java Virtual Machine Specification"/>
    <property name="java.awt.printerjob" value="sun.awt.windows.WPrinterJob"/>
    <property name="sun.os.patch.level" value=""/>
    <property name="java.library.path" value="D:\TOOLS\JDK\jre\bin;C:\WINDOWS\Sun\Java\bin;C:\WINDOWS\system32;C:\WINDOWS;C:\Program Files\Common Files\Oracle\Java\javapath;%GrgLiving%;%Grgkaoqin%;%GrgOneCamera%;D:\TOOLS\IBM MQ\java\lib;D:\TOOLS\IBM MQ\java\lib64;C:\WINDOWS\system32;C:\WINDOWS;C:\WINDOWS\System32\Wbem;C:\WINDOWS\System32\WindowsPowerShell\v1.0\;D:\TOOLS\jdk-18\bin;D:\TOOLS\maven\apache-maven-3.5.0\bin;D:\TOOLS\Git\Git\cmd;D:\TOOLS\Git\Git\mingw64\bin;D:\TOOLS\Git\Git\usr\bin;D:\TOOLS\mysql\bin;C:\WINDOWS\System32\OpenSSH\;C:\WINDOWS\system32\WBEM;D:\TOOLS\IBM MQ\bin64;D:\TOOLS\IBM MQ\bin;D:\TOOLS\IBM MQ\tools\c\samples\bin;C:\Program Files\ibm\gsk8\lib64;C:\Program Files (x86)\ibm\gsk8\lib;D:\TOOLS\db2\package\BIN;D:\TOOLS\db2\package\FUNCTION;D:\TOOLS\db2\package\SAMPLES\REPL;D:\TOOLS\UE;D:\TOOLS\spring-2.0.1.RELEASE\bin;D:\TOOLS\Redis;D:\TOOLS\mysql8\mysql-8.0.23-winx64\bin;D:\TOOLS\nodejs\;D:\TOOLS\wechat_devtools\微信web开发者工具\dll;C:\Users\LJS\AppData\Local\Microsoft\WindowsApps;C:\Users\LJS\AppData\Local\BypassRuntm;C:\Users\LJS\AppData\Local\Microsoft\WindowsApps;C:\WINDOWS\system32;C:\Users\LJS\AppData\Roaming\npm;D:\TOOLS\nodejs\node_global;;."/>
    <property name="java.vm.info" value="mixed mode"/>
    <property name="java.vendor" value="Oracle Corporation"/>
    <property name="java.vm.version" value="25.91-b14"/>
    <property name="java.ext.dirs" value="D:\TOOLS\JDK\jre\lib\ext;C:\WINDOWS\Sun\Java\lib\ext"/>
    <property name="sun.io.unicode.encoding" value="UnicodeLittle"/>
    <property name="java.class.version" value="52.0"/>
  </properties>
  <testcase name="contextLoads" classname="ljs.java.LjsApplicationTests" time="0.261"/>
</testsuite>